[debug] [2023-05-21T17:44:48.924Z] ----------------------------------------------------------------------
[debug] [2023-05-21T17:44:48.928Z] Command:       /usr/local/bin/node /usr/local/bin/firebase init
[debug] [2023-05-21T17:44:48.928Z] CLI Version:   12.1.0
[debug] [2023-05-21T17:44:48.929Z] Platform:      darwin
[debug] [2023-05-21T17:44:48.929Z] Node Version:  v18.16.0
[debug] [2023-05-21T17:44:48.930Z] Time:          Sun May 21 2023 19:44:48 GMT+0200 (hora de verano de Europa central)
[debug] [2023-05-21T17:44:48.931Z] ----------------------------------------------------------------------
[debug] 
[debug] [2023-05-21T17:44:49.046Z] > command requires scopes: ["email","openid","https://www.googleapis.com/auth/cloudplatformprojects.readonly","https://www.googleapis.com/auth/firebase","https://www.googleapis.com/auth/cloud-platform"]
[debug] [2023-05-21T17:44:49.047Z] > authorizing via signed-in user (arozarenajesus@gmail.com)
[info] 
     ######## #### ########  ######## ########     ###     ######  ########
     ##        ##  ##     ## ##       ##     ##  ##   ##  ##       ##
     ######    ##  ########  ######   ########  #########  ######  ######
     ##        ##  ##    ##  ##       ##     ## ##     ##       ## ##
     ##       #### ##     ## ######## ########  ##     ##  ######  ########

You're about to initialize a Firebase project in this directory:

  /Users/Aro/DSM/appGaztaroa

Before we get started, keep in mind:

  * You are initializing within an existing Firebase project directory

[info] 
=== Project Setup
[info] 
[info] First, let's associate this project directory with a Firebase project.
[info] You can create multiple project aliases by running firebase use --add, 
[info] but for now we'll just set up a default project.
[info] 
[debug] [2023-05-21T17:45:22.669Z] Using project from CLI flag: appgaztaroa-53ec5
[debug] [2023-05-21T17:45:22.671Z] > refreshing access token with scopes: []
[debug] [2023-05-21T17:45:22.676Z] >>> [apiv2][query] POST https://www.googleapis.com/oauth2/v3/token [none]
[debug] [2023-05-21T17:45:22.676Z] >>> [apiv2][body] POST https://www.googleapis.com/oauth2/v3/token [omitted]
[debug] [2023-05-21T17:45:22.934Z] <<< [apiv2][status] POST https://www.googleapis.com/oauth2/v3/token 200
[debug] [2023-05-21T17:45:22.935Z] <<< [apiv2][body] POST https://www.googleapis.com/oauth2/v3/token [omitted]
[debug] [2023-05-21T17:45:22.964Z] >>> [apiv2][query] GET https://firebase.googleapis.com/v1beta1/projects/appgaztaroa-53ec5 [none]
[debug] [2023-05-21T17:45:23.318Z] <<< [apiv2][status] GET https://firebase.googleapis.com/v1beta1/projects/appgaztaroa-53ec5 200
[debug] [2023-05-21T17:45:23.318Z] <<< [apiv2][body] GET https://firebase.googleapis.com/v1beta1/projects/appgaztaroa-53ec5 {"projectId":"appgaztaroa-53ec5","projectNumber":"750197807379","displayName":"AppGaztaroa","name":"projects/appgaztaroa-53ec5","resources":{"hostingSite":"appgaztaroa-53ec5","realtimeDatabaseInstance":"appgaztaroa-53ec5-default-rtdb","storageBucket":"appgaztaroa-53ec5.appspot.com","locationId":"europe-west6"},"state":"ACTIVE","etag":"1_0b29044f-d1bf-4a6f-84f5-cbfa5e8b07e4"}
[info] i  Using project appgaztaroa-53ec5 (AppGaztaroa) 
[info] 
=== Database Setup
[info] i  database: ensuring required API firebasedatabase.googleapis.com is enabled... 
[debug] [2023-05-21T17:45:23.342Z] >>> [apiv2][query] GET https://serviceusage.googleapis.com/v1/projects/appgaztaroa-53ec5/services/firebasedatabase.googleapis.com [none]
[debug] [2023-05-21T17:45:23.342Z] >>> [apiv2][(partial)header] GET https://serviceusage.googleapis.com/v1/projects/appgaztaroa-53ec5/services/firebasedatabase.googleapis.com x-goog-quota-user=projects/appgaztaroa-53ec5
[debug] [2023-05-21T17:45:24.202Z] <<< [apiv2][status] GET https://serviceusage.googleapis.com/v1/projects/appgaztaroa-53ec5/services/firebasedatabase.googleapis.com 200
[debug] [2023-05-21T17:45:24.202Z] <<< [apiv2][body] GET https://serviceusage.googleapis.com/v1/projects/appgaztaroa-53ec5/services/firebasedatabase.googleapis.com [omitted]
[info] ✔  database: required API firebasedatabase.googleapis.com is enabled 
[info] 
[debug] [2023-05-21T17:45:24.204Z] >>> [apiv2][query] GET https://firebasedatabase.googleapis.com/v1beta/projects/appgaztaroa-53ec5/locations/-/instances/appgaztaroa-53ec5-default-rtdb [none]
[debug] [2023-05-21T17:45:24.787Z] <<< [apiv2][status] GET https://firebasedatabase.googleapis.com/v1beta/projects/appgaztaroa-53ec5/locations/-/instances/appgaztaroa-53ec5-default-rtdb 200
[debug] [2023-05-21T17:45:24.787Z] <<< [apiv2][body] GET https://firebasedatabase.googleapis.com/v1beta/projects/appgaztaroa-53ec5/locations/-/instances/appgaztaroa-53ec5-default-rtdb {"name":"projects/750197807379/locations/europe-west1/instances/appgaztaroa-53ec5-default-rtdb","project":"projects/750197807379","databaseUrl":"https://appgaztaroa-53ec5-default-rtdb.europe-west1.firebasedatabase.app","type":"DEFAULT_DATABASE","state":"ACTIVE"}
[info] 
[info] Firebase Realtime Database Security Rules allow you to define how your data should be
[info] structured and when your data can be read from and written to.
[info] 
